Performing C++ SOURCE FILE Test has_std_11_flag failed with the following output:
Change Dir: C:/Users/Lenovo/Desktop/code/miniplc0-compiler/build/CMakeFiles/CMakeTmp

Run Build Command(s):D:/vs2019ide/MSBuild/Current/Bin/MSBuild.exe cmTC_3e51a.vcxproj /p:Configuration=Debug /p:Platform=x64 /p:VisualStudioVersion=16.0 /v:m 
用于 .NET Framework 的 Microsoft (R) 生成引擎版本 16.3.2+e481bbf88
版权所有(C) Microsoft Corporation。保留所有权利。

  用于 x64 的 Microsoft (R) C/C++ 优化编译器 19.23.28107 版
  版权所有(C) Microsoft Corporation。保留所有权利。
  cl /c /Zi /W3 /WX- /diagnostics:column /Od /Ob0 /D WIN32 /D _WINDOWS /D has_std_11_flag /D "CMAKE_INTDIR=\"Debug\"" /D _MBCS /Gm- /EHsc /RTC1 /MDd /GS /fp:precise /Zc:wchar_t /Zc:forScope /Zc:inline /GR /Fo"cmTC_3e51a.dir\Debug\\" /Fd"cmTC_3e51a.dir\Debug\vc142.pdb" /Gd /TP /errorReport:queue  -std=c++11 "C:\Users\Lenovo\Desktop\code\miniplc0-compiler\build\CMakeFiles\CMakeTmp\src.cxx"
  src.cxx
cl : 命令行 warning D9002: 忽略未知选项“-std=c++11” [C:\Users\Lenovo\Desktop\code\miniplc0-compiler\build\CMakeFiles\CMakeTmp\cmTC_3e51a.vcxproj]
  cmTC_3e51a.vcxproj -> C:\Users\Lenovo\Desktop\code\miniplc0-compiler\build\CMakeFiles\CMakeTmp\Debug\cmTC_3e51a.exe

Source file was:
int main() { return 0; }
Performing C++ SOURCE FILE Test has_std_0x_flag failed with the following output:
Change Dir: C:/Users/Lenovo/Desktop/code/miniplc0-compiler/build/CMakeFiles/CMakeTmp

Run Build Command(s):D:/vs2019ide/MSBuild/Current/Bin/MSBuild.exe cmTC_00039.vcxproj /p:Configuration=Debug /p:Platform=x64 /p:VisualStudioVersion=16.0 /v:m 
用于 .NET Framework 的 Microsoft (R) 生成引擎版本 16.3.2+e481bbf88
版权所有(C) Microsoft Corporation。保留所有权利。

  用于 x64 的 Microsoft (R) C/C++ 优化编译器 19.23.28107 版
  版权所有(C) Microsoft Corporation。保留所有权利。
  src.cxx
  cl /c /Zi /W3 /WX- /diagnostics:column /Od /Ob0 /D WIN32 /D _WINDOWS /D has_std_0x_flag /D "CMAKE_INTDIR=\"Debug\"" /D _MBCS /Gm- /EHsc /RTC1 /MDd /GS /fp:precise /Zc:wchar_t /Zc:forScope /Zc:inline /GR /Fo"cmTC_00039.dir\Debug\\" /Fd"cmTC_00039.dir\Debug\vc142.pdb" /Gd /TP /errorReport:queue  -std=c++0x "C:\Users\Lenovo\Desktop\code\miniplc0-compiler\build\CMakeFiles\CMakeTmp\src.cxx"
cl : 命令行 warning D9002: 忽略未知选项“-std=c++0x” [C:\Users\Lenovo\Desktop\code\miniplc0-compiler\build\CMakeFiles\CMakeTmp\cmTC_00039.vcxproj]
  cmTC_00039.vcxproj -> C:\Users\Lenovo\Desktop\code\miniplc0-compiler\build\CMakeFiles\CMakeTmp\Debug\cmTC_00039.exe

Source file was:
int main() { return 0; }
